c:\users\cool user\source\repos\papes pls\paperclone\debug\vc141.pdb
c:\users\cool user\source\repos\papes pls\paperclone\debug\vc141.idb
c:\users\cool user\source\repos\papes pls\paperclone\debug\document.obj
c:\users\cool user\source\repos\papes pls\paperclone\debug\main.obj
c:\users\cool user\source\repos\papes pls\paperclone\debug\gamedata.obj
c:\users\cool user\source\repos\pa9-repository\paperclone\debug\vc141.pdb
c:\users\cool user\source\repos\pa9-repository\paperclone\debug\vc141.idb
c:\users\cool user\source\repos\pa9-repository\paperclone\debug\document.obj
c:\users\cool user\source\repos\pa9-repository\paperclone\debug\main.obj
c:\users\cool user\source\repos\papes pls\debug\paperclone.exe
c:\users\cool user\source\repos\papes pls\debug\paperclone.ilk
c:\users\cool user\source\repos\papes pls\debug\paperclone.pdb
c:\users\nathan\desktop\possible final pa9\pa9-repository-master\paperclone\debug\document.obj
c:\users\nathan\desktop\possible final pa9\pa9-repository-master\paperclone\debug\main.obj
c:\users\nathan\desktop\possible final pa9\pa9-repository-master\paperclone\debug\vc141.idb
c:\users\nathan\desktop\possible final pa9\pa9-repository-master\paperclone\debug\vc141.pdb
c:\users\nathan\desktop\possible final pa9\pa9-repository-master\debug\paperclone.pdb
c:\users\nathan\desktop\possible final pa9\pa9-repository-master\paperclone\debug\paperclone.tlog\cl.command.1.tlog
c:\users\nathan\desktop\possible final pa9\pa9-repository-master\paperclone\debug\paperclone.tlog\cl.read.1.tlog
c:\users\nathan\desktop\possible final pa9\pa9-repository-master\paperclone\debug\paperclone.tlog\cl.write.1.tlog
c:\users\nathan\desktop\possible final pa9\pa9-repository-master\paperclone\debug\paperclone.tlog\link-cvtres.read.1.tlog
c:\users\nathan\desktop\possible final pa9\pa9-repository-master\paperclone\debug\paperclone.tlog\link-cvtres.write.1.tlog
c:\users\nathan\desktop\possible final pa9\pa9-repository-master\paperclone\debug\paperclone.tlog\link-rc.read.1.tlog
c:\users\nathan\desktop\possible final pa9\pa9-repository-master\paperclone\debug\paperclone.tlog\link-rc.write.1.tlog
c:\users\nathan\desktop\possible final pa9\pa9-repository-master\paperclone\debug\paperclone.tlog\link.command.1.tlog
c:\users\nathan\desktop\possible final pa9\pa9-repository-master\paperclone\debug\paperclone.tlog\link.read.1.tlog
c:\users\nathan\desktop\possible final pa9\pa9-repository-master\paperclone\debug\paperclone.tlog\link.write.1.tlog
